<?xml version="1.0" encoding="UTF-8"?>
<!-- Generated by org.testng.reporters.JUnitReportReporter -->
<testsuite hostname="LAPTOP-I71AGAU1" failures="0" tests="1" name="com.actiTime.testcase.Demo1Test" time="2.321" errors="0" timestamp="2023-07-13T12:09:04 IST" skipped="0">
  <testcase classname="com.actiTime.testcase.Demo1Test" name="test1" time="2.321"/>
  <system-out/>
</testsuite> <!-- com.actiTime.testcase.Demo1Test -->
