<?xml version="1.0" encoding="UTF-8"?>
<!-- Generated by org.testng.reporters.JUnitReportReporter -->
<testsuite hostname="LAPTOP-I71AGAU1" failures="0" tests="1" name="com.actiTime.testcase.DemoTest" time="2.413" errors="0" timestamp="2023-07-09T17:17:21 IST" skipped="0">
  <testcase classname="com.actiTime.testcase.DemoTest" name="demoTest" time="2.413"/>
  <system-out/>
</testsuite> <!-- com.actiTime.testcase.DemoTest -->
